#
# A fatal error has been detected by the Java Runtime Environment:
#
#  EXCEPTION_ACCESS_VIOLATION (0xc0000005) at pc=0x00007ffb27ef949f, pid=34612, tid=21984
#
# JRE version: Java(TM) SE Runtime Environment (16.0.1+9) (build 16.0.1+9-24)
# Java VM: Java HotSpot(TM) 64-Bit Server VM (16.0.1+9-24, mixed mode, sharing, tiered, compressed oops, compressed class ptrs, g1 gc, windows-amd64)
# Problematic frame:
# C  0x00007ffb27ef949f
#
# No core dump will be written. Minidumps are not enabled by default on client versions of Windows
#
# If you would like to submit a bug report, please visit:
#   https://bugreport.java.com/bugreport/crash.jsp
# The crash happened outside the Java Virtual Machine in native code.
# See problematic frame for where to report the bug.
#

---------------  S U M M A R Y ------------

Command Line: -agentlib:jdwp=transport=dt_socket,address=127.0.0.1:54966,suspend=y,server=n -javaagent:C:\Users\abeccaria\AppData\Local\JetBrains\Toolbox\apps\IDEA-U\ch-0\212.5080.55\plugins\java\lib\rt\debugger-agent.jar -Dfile.encoding=UTF-8 --module-path=C:\Users\abeccaria\.m2\repository\de\jensd\fontawesomefx-fontawesome\4.7.0-9.1.2\fontawesomefx-fontawesome-4.7.0-9.1.2.jar;C:\Users\abeccaria\.m2\repository\org\openjfx\javafx-graphics\16\javafx-graphics-16-win.jar;C:\Users\abeccaria\.m2\repository\org\openjfx\javafx-media\16\javafx-media-16-win.jar;C:\Users\abeccaria\.m2\repository\org\openjfx\javafx-controls\16\javafx-controls-16-win.jar;C:\Users\abeccaria\.m2\repository\de\jensd\fontawesomefx-commons\9.1.2\fontawesomefx-commons-9.1.2.jar;C:\Users\abeccaria\.m2\repository\org\openjfx\javafx-fxml\16\javafx-fxml-16-win.jar;C:\Users\abeccaria\.m2\repository\org\openjfx\javafx-base\16\javafx-base-16-win.jar;C:\Users\abeccaria\Documents\GitHub\JavaMusicPlayer\target\classes -Djdk.module.main=com.example.musicplayer com.example.musicplayer/Controllers.MainApplication

Host: Intel(R) Core(TM) i9-10885H CPU @ 2.40GHz, 16 cores, 31G,  Windows 10 , 64 bit Build 19041 (10.0.19041.1151)
Time: Thu Aug 26 17:30:15 2021 Mountain Daylight Time elapsed time: 139.119869 seconds (0d 0h 2m 19s)

---------------  T H R E A D  ---------------

Current thread (0x000001947ea2dfd0):  JavaThread "QuantumRenderer-0" daemon [_thread_in_native, id=21984, stack(0x00000093b3f00000,0x00000093b4000000)]

Stack: [0x00000093b3f00000,0x00000093b4000000],  sp=0x00000093b3ffc940,  free space=1010k
Native frames: (J=compiled Java code, j=interpreted, Vv=VM code, C=native code)
C  0x00007ffb27ef949f

Java frames: (J=compiled Java code, j=interpreted, Vv=VM code)
j  com.sun.javafx.font.directwrite.OS.EndDraw(J)I+0 javafx.graphics
j  com.sun.javafx.font.directwrite.ID2D1RenderTarget.EndDraw()I+4 javafx.graphics
j  com.sun.javafx.font.directwrite.DWGlyph.getD2DMask(FFZ)[B+313 javafx.graphics
j  com.sun.javafx.font.directwrite.DWGlyph.getPixelData(I)[B+98 javafx.graphics
J 3355 c1 com.sun.prism.impl.GlyphCache.getCachedGlyph(II)Lcom/sun/prism/impl/GlyphCache$GlyphData; javafx.graphics (491 bytes) @ 0x00000194608822ac [0x00000194608818c0+0x00000000000009ec]
j  com.sun.prism.impl.GlyphCache.render(Lcom/sun/prism/impl/BaseContext;Lcom/sun/javafx/scene/text/GlyphList;FFIILcom/sun/prism/paint/Color;Lcom/sun/prism/paint/Color;Lcom/sun/javafx/geom/transform/BaseTransform;Lcom/sun/javafx/geom/BaseBounds;)V+157 javafx.graphics
j  com.sun.prism.impl.ps.BaseShaderGraphics.drawString(Lcom/sun/javafx/scene/text/GlyphList;Lcom/sun/javafx/font/FontStrike;FFLcom/sun/prism/paint/Color;II)V+816 javafx.graphics
j  com.sun.javafx.sg.prism.NGText.renderText(Lcom/sun/prism/Graphics;Lcom/sun/javafx/font/FontStrike;Lcom/sun/javafx/geom/BaseBounds;Lcom/sun/prism/paint/Color;I)V+198 javafx.graphics
j  com.sun.javafx.sg.prism.NGText.renderContent2D(Lcom/sun/prism/Graphics;Z)V+238 javafx.graphics
j  com.sun.javafx.sg.prism.NGShape.renderContent(Lcom/sun/prism/Graphics;)V+454 javafx.graphics
J 3366 c1 com.sun.javafx.sg.prism.NGNode.doRender(Lcom/sun/prism/Graphics;)V javafx.graphics (473 bytes) @ 0x00000194608888e4 [0x0000019460886e60+0x0000000000001a84]
J 3328 c1 com.sun.javafx.sg.prism.NGNode.render(Lcom/sun/prism/Graphics;)V javafx.graphics (39 bytes) @ 0x000001946085ca04 [0x000001946085c760+0x00000000000002a4]
J 3552 c1 com.sun.javafx.sg.prism.NGGroup.renderContent(Lcom/sun/prism/Graphics;)V javafx.graphics (422 bytes) @ 0x00000194608ec96c [0x00000194608eb3e0+0x000000000000158c]
J 3556 c1 com.sun.javafx.sg.prism.NGRegion.renderContent(Lcom/sun/prism/Graphics;)V javafx.graphics (115 bytes) @ 0x00000194608ea394 [0x00000194608e9220+0x0000000000001174]
J 3366 c1 com.sun.javafx.sg.prism.NGNode.doRender(Lcom/sun/prism/Graphics;)V javafx.graphics (473 bytes) @ 0x00000194608888e4 [0x0000019460886e60+0x0000000000001a84]
J 3328 c1 com.sun.javafx.sg.prism.NGNode.render(Lcom/sun/prism/Graphics;)V javafx.graphics (39 bytes) @ 0x000001946085ca04 [0x000001946085c760+0x00000000000002a4]
J 3552 c1 com.sun.javafx.sg.prism.NGGroup.renderContent(Lcom/sun/prism/Graphics;)V javafx.graphics (422 bytes) @ 0x00000194608ec96c [0x00000194608eb3e0+0x000000000000158c]
J 3556 c1 com.sun.javafx.sg.prism.NGRegion.renderContent(Lcom/sun/prism/Graphics;)V javafx.graphics (115 bytes) @ 0x00000194608ea394 [0x00000194608e9220+0x0000000000001174]
J 3366 c1 com.sun.javafx.sg.prism.NGNode.doRender(Lcom/sun/prism/Graphics;)V javafx.graphics (473 bytes) @ 0x00000194608888e4 [0x0000019460886e60+0x0000000000001a84]
J 3328 c1 com.sun.javafx.sg.prism.NGNode.render(Lcom/sun/prism/Graphics;)V javafx.graphics (39 bytes) @ 0x000001946085ca04 [0x000001946085c760+0x00000000000002a4]
J 3552 c1 com.sun.javafx.sg.prism.NGGroup.renderContent(Lcom/sun/prism/Graphics;)V javafx.graphics (422 bytes) @ 0x00000194608ec96c [0x00000194608eb3e0+0x000000000000158c]
J 3556 c1 com.sun.javafx.sg.prism.NGRegion.renderContent(Lcom/sun/prism/Graphics;)V javafx.graphics (115 bytes) @ 0x00000194608ea394 [0x00000194608e9220+0x0000000000001174]
J 3366 c1 com.sun.javafx.sg.prism.NGNode.doRender(Lcom/sun/prism/Graphics;)V javafx.graphics (473 bytes) @ 0x00000194608888e4 [0x0000019460886e60+0x0000000000001a84]
J 3328 c1 com.sun.javafx.sg.prism.NGNode.render(Lcom/sun/prism/Graphics;)V javafx.graphics (39 bytes) @ 0x000001946085ca04 [0x000001946085c760+0x00000000000002a4]
j  com.sun.javafx.tk.quantum.ViewPainter.doPaint(Lcom/sun/prism/Graphics;Lcom/sun/javafx/sg/prism/NodePath;)V+202 javafx.graphics
j  com.sun.javafx.tk.quantum.ViewPainter.paintImpl(Lcom/sun/prism/Graphics;)V+933 javafx.graphics
j  com.sun.javafx.tk.quantum.PresentingPainter.run()V+326 javafx.graphics
j  java.util.concurrent.Executors$RunnableAdapter.call()Ljava/lang/Object;+4 java.base@16.0.1
j  java.util.concurrent.FutureTask.runAndReset$$$capture()Z+44 java.base@16.0.1
j  java.util.concurrent.FutureTask.runAndReset()Z+5 java.base@16.0.1
j  com.sun.javafx.tk.RenderJob.run()V+1 javafx.graphics
j  java.util.concurrent.ThreadPoolExecutor.runWorker(Ljava/util/concurrent/ThreadPoolExecutor$Worker;)V+92 java.base@16.0.1
j  java.util.concurrent.ThreadPoolExecutor$Worker.run()V+5 java.base@16.0.1
j  com.sun.javafx.tk.quantum.QuantumRenderer$PipelineRunnable.run()V+8 javafx.graphics
j  java.lang.Thread.run()V+11 java.base@16.0.1
v  ~StubRoutines::call_stub

siginfo: EXCEPTION_ACCESS_VIOLATION (0xc0000005), reading address 0x0000000000000008


Register to memory mapping:

RIP=0x00007ffb27ef949f points into unknown readable memory: 48
RAX=0x0 is NULL
RBX=0x0000019408eddf80 points into unknown readable memory: 0x00007ffb280f5958 | 58 59 0f 28 fb 7f 00 00
RCX=0x0000019408eddd30 points into unknown readable memory: 0x0000000000000000 | 00 00 00 00 00 00 00 00
RDX=0x0000019408eddf80 points into unknown readable memory: 0x00007ffb280f5958 | 58 59 0f 28 fb 7f 00 00
RSP=0x00000093b3ffc940 is pointing into the stack for thread: 0x000001947ea2dfd0
RBP=0x000000000000007a is an unknown value
RSI=0x0 is NULL
RDI=0x0000019408eddeb0 points into unknown readable memory: 0x00007ffb280f5958 | 58 59 0f 28 fb 7f 00 00
R8 =0x0000019408edddf0 points into unknown readable memory: 0x0000019411ff2240 | 40 22 ff 11 94 01 00 00
R9 =0x0000019408f79e98 points into unknown readable memory: 0x0000000000180000 | 00 00 18 00 00 00 00 00
R10=0x0 is NULL
R11=0x0000019408f84990 points into unknown readable memory: 0x0000000000000000 | 00 00 00 00 00 00 00 00
R12=0x00000093b3ffcef8 is pointing into the stack for thread: 0x000001947ea2dfd0
R13=0x000000000000003a is an unknown value
R14=0x0 is NULL
R15=0x0000000000000001 is an unknown value


Registers:
RAX=0x0000000000000000, RBX=0x0000019408eddf80, RCX=0x0000019408eddd30, RDX=0x0000019408eddf80
RSP=0x00000093b3ffc940, RBP=0x000000000000007a, RSI=0x0000000000000000, RDI=0x0000019408eddeb0
R8 =0x0000019408edddf0, R9 =0x0000019408f79e98, R10=0x0000000000000000, R11=0x0000019408f84990
R12=0x00000093b3ffcef8, R13=0x000000000000003a, R14=0x0000000000000000, R15=0x0000000000000001
RIP=0x00007ffb27ef949f, EFLAGS=0x0000000000010206

Top of Stack: (sp=0x00000093b3ffc940)
0x00000093b3ffc940:   00000194563504e0 00000093b3ffc954
0x00000093b3ffc950:   0000000308f79e98 00000000000002c3
0x00000093b3ffc960:   0000000000000000 00007ffb27f48667
0x00000093b3ffc970:   0000000000000000 0000000000000000
0x00000093b3ffc980:   0000000000000000 0000000000000000
0x00000093b3ffc990:   fffffffffffffffe 0000019408ec0000
0x00000093b3ffc9a0:   0000019408eddec0 00007ffb27f4860f
0x00000093b3ffc9b0:   0000019408eddeb0 0000019408eddec0
0x00000093b3ffc9c0:   0000019408edde88 0000019408f6e798
0x00000093b3ffc9d0:   fffffffffffffffe 00000093b3ffcef8
0x00000093b3ffc9e0:   0000019408edddf0 00007ffb27f499f6
0x00000093b3ffc9f0:   0000019408edde88 0000000000000000
0x00000093b3ffca00:   000000000000003a 00000093b3ffcef8
0x00000093b3ffca10:   fffffffffffffffe 0000000000000000
0x00000093b3ffca20:   0000019408edddf0 00007ffb27f4a15e
0x00000093b3ffca30:   0000019408edddf0 0000000000000350 

Instructions: (pc=0x00007ffb27ef949f)
0x00007ffb27ef939f:   82 60 a2 09 00 0f 87 71 a2 09 00 48 8b 5c 24 58
0x00007ffb27ef93af:   48 83 c4 40 5f c3 cc cc cc cc cc cc cc 40 53 48
0x00007ffb27ef93bf:   83 ec 60 48 8b 05 7f 44 1f 00 48 33 c4 48 89 44
0x00007ffb27ef93cf:   24 58 4c 8d 4c 24 48 c7 44 24 20 10 00 00 00 45
0x00007ffb27ef93df:   33 c0 ba 74 74 63 66 48 8b d9 48 ff 15 80 2d 21
0x00007ffb27ef93ef:   00 0f 1f 44 00 00 83 f8 10 0f 84 62 a2 09 00 83
0x00007ffb27ef93ff:   f8 ff 0f 85 8e a2 09 00 33 c9 48 ff 15 d0 b4 16
0x00007ffb27ef940f:   00 0f 1f 44 00 00 4c 8d 4c 24 38 c7 44 24 20 0c
0x00007ffb27ef941f:   00 00 00 45 33 c0 33 d2 48 8b cb 48 ff 15 3f 2d
0x00007ffb27ef942f:   21 00 0f 1f 44 00 00 83 f8 0c 0f 85 35 a2 09 00
0x00007ffb27ef943f:   33 c0 81 7c 24 38 4f 54 54 4f 0f 95 c0 48 8b 4c
0x00007ffb27ef944f:   24 58 48 33 cc e8 57 f7 06 00 48 83 c4 60 5b c3
0x00007ffb27ef945f:   cc cc cc cc cc cc cc cc cc 48 83 ec 28 48 8b 09
0x00007ffb27ef946f:   48 85 c9 74 0d 48 8b 01 48 8b 40 10 ff 15 ef ba
0x00007ffb27ef947f:   16 00 48 83 c4 28 c3 cc cc cc cc cc cc cc cc cc
0x00007ffb27ef948f:   cc 48 83 ec 28 48 8b 09 48 85 c9 74 0d 48 8b 01
0x00007ffb27ef949f:   48 8b 40 08 ff 15 c7 ba 16 00 48 83 c4 28 c3 cc
0x00007ffb27ef94af:   cc cc cc cc cc cc cc cc cc cc cc cc cc cc cc cc
0x00007ffb27ef94bf:   cc 48 8b c4 48 89 48 08 56 57 41 56 48 83 ec 50
0x00007ffb27ef94cf:   48 c7 40 b8 fe ff ff ff 48 89 58 10 49 8b f1 4d
0x00007ffb27ef94df:   8b f0 48 8b f9 33 db 49 89 18 41 89 19 48 83 c1
0x00007ffb27ef94ef:   30 44 8b c2 48 8d 50 c0 e8 0c 9e 02 00 39 5c 24
0x00007ffb27ef94ff:   30 74 39 4c 8d 47 38 48 8d 54 24 28 48 8d 8c 24
0x00007ffb27ef950f:   80 00 00 00 e8 18 2a 06 00 48 8b c8 48 8b 00 48
0x00007ffb27ef951f:   89 19 49 89 06 48 8b 8c 24 80 00 00 00 48 85 c9
0x00007ffb27ef952f:   0f 85 7d a1 09 00 c7 06 01 00 00 00 8b c3 48 8b
0x00007ffb27ef953f:   5c 24 78 48 83 c4 50 41 5e 5f 5e c3 cc 8b 5c 24
0x00007ffb27ef954f:   70 eb e9 cc cc cc cc cc cc cc cc cc cc cc cc cc
0x00007ffb27ef955f:   cc 48 83 ec 28 48 8b 41 40 4c 8b c1 4c 8b 49 28
0x00007ffb27ef956f:   49 8b c9 48 2b 08 48 c1 f9 02 48 85 c9 78 5b 48
0x00007ffb27ef957f:   83 f9 02 0f 82 40 a1 09 00 49 8d 49 fc 49 89 48
0x00007ffb27ef958f:   28 8b 01 48 83 c1 fc 49 89 48 28 85 c0 74 09 48 


Stack slot to memory mapping:
stack at sp + 0 slots: 0x00000194563504e0 points into unknown readable memory: 0x0000000000000000 | 00 00 00 00 00 00 00 00
stack at sp + 1 slots: 0x00000093b3ffc954 is pointing into the stack for thread: 0x000001947ea2dfd0
stack at sp + 2 slots: 0x0000000308f79e98 is an unknown value
stack at sp + 3 slots: 0x00000000000002c3 is an unknown value
stack at sp + 4 slots: 0x0 is NULL
stack at sp + 5 slots: 0x00007ffb27f48667 points into unknown readable memory: 90
stack at sp + 6 slots: 0x0 is NULL
stack at sp + 7 slots: 0x0 is NULL


---------------  P R O C E S S  ---------------

Threads class SMR info:
_java_thread_list=0x0000019410b35a80, length=25, elements={
0x0000019458331ef0, 0x000001947d19a620, 0x000001947d19b3f0, 0x000001947dc0e2c0,
0x000001947dc10be0, 0x000001947dc114f0, 0x000001947dc12e10, 0x000001947dc18c60,
0x000001947dc21670, 0x000001947dc2ea00, 0x000001947d17e2e0, 0x000001947ec4e800,
0x000001947eeb7400, 0x000001947ea2dfd0, 0x000001947f18bd10, 0x0000019408037430,
0x00000194084c9960, 0x0000019408521f60, 0x000001947ea1a600, 0x000001947ea19b60,
0x000001947ea18620, 0x00000194089c3a80, 0x00000194089c1ff0, 0x00000194089c0ab0,
0x0000019407ef0890
}

Java Threads: ( => current thread )
  0x0000019458331ef0 JavaThread "main" [_thread_blocked, id=32376, stack(0x00000093b2800000,0x00000093b2900000)]
  0x000001947d19a620 JavaThread "Reference Handler" daemon [_thread_blocked, id=34732, stack(0x00000093b2f00000,0x00000093b3000000)]
  0x000001947d19b3f0 JavaThread "Finalizer" daemon [_thread_blocked, id=32824, stack(0x00000093b3000000,0x00000093b3100000)]
  0x000001947dc0e2c0 JavaThread "Signal Dispatcher" daemon [_thread_blocked, id=12720, stack(0x00000093b3100000,0x00000093b3200000)]
  0x000001947dc10be0 JavaThread "Attach Listener" daemon [_thread_blocked, id=29312, stack(0x00000093b3200000,0x00000093b3300000)]
  0x000001947dc114f0 JavaThread "Service Thread" daemon [_thread_blocked, id=21016, stack(0x00000093b3300000,0x00000093b3400000)]
  0x000001947dc12e10 JavaThread "Monitor Deflation Thread" daemon [_thread_blocked, id=30876, stack(0x00000093b3400000,0x00000093b3500000)]
  0x000001947dc18c60 JavaThread "C2 CompilerThread0" daemon [_thread_blocked, id=12932, stack(0x00000093b3500000,0x00000093b3600000)]
  0x000001947dc21670 JavaThread "C1 CompilerThread0" daemon [_thread_blocked, id=19672, stack(0x00000093b3600000,0x00000093b3700000)]
  0x000001947dc2ea00 JavaThread "Sweeper thread" daemon [_thread_blocked, id=13320, stack(0x00000093b3700000,0x00000093b3800000)]
  0x000001947d17e2e0 JavaThread "Common-Cleaner" daemon [_thread_blocked, id=13976, stack(0x00000093b3900000,0x00000093b3a00000)]
  0x000001947ec4e800 JavaThread "JDWP Event Helper Thread" daemon [_thread_blocked, id=24664, stack(0x00000093b4100000,0x00000093b4200000)]
  0x000001947eeb7400 JavaThread "Notification Thread" daemon [_thread_blocked, id=25544, stack(0x00000093b3c00000,0x00000093b3d00000)]
=>0x000001947ea2dfd0 JavaThread "QuantumRenderer-0" daemon [_thread_in_native, id=21984, stack(0x00000093b3f00000,0x00000093b4000000)]
  0x000001947f18bd10 JavaThread "InvokeLaterDispatcher" daemon [_thread_blocked, id=4280, stack(0x00000093b4400000,0x00000093b4500000)]
  0x0000019408037430 JavaThread "JavaFX Application Thread" [_thread_in_native, id=19404, stack(0x00000093b4500000,0x00000093b4600000)]
  0x00000194084c9960 JavaThread "JavaFX-Launcher" [_thread_blocked, id=17780, stack(0x00000093b4800000,0x00000093b4900000)]
  0x0000019408521f60 JavaThread "Thread-2" daemon [_thread_in_native, id=23132, stack(0x00000093b3e00000,0x00000093b3f00000)]
  0x000001947ea1a600 JavaThread "Prism Font Disposer" daemon [_thread_blocked, id=21372, stack(0x00000093b5600000,0x00000093b5700000)]
  0x000001947ea19b60 JavaThread "Cleaner-0" daemon [_thread_blocked, id=33660, stack(0x00000093b5d00000,0x00000093b5e00000)]
  0x000001947ea18620 JavaThread "Media Resource Disposer" daemon [_thread_blocked, id=22108, stack(0x00000093b6510000,0x00000093b6610000)]
  0x00000194089c3a80 JavaThread "JFXMedia Player EventQueueThread" daemon [_thread_blocked, id=29488, stack(0x00000093b6a10000,0x00000093b6b10000)]
  0x00000194089c1ff0 JavaThread "Timer-0" daemon [_thread_blocked, id=20304, stack(0x00000093b6d10000,0x00000093b6e10000)]
  0x00000194089c0ab0 JavaThread "SIGINT handler" daemon [_thread_blocked, id=11036, stack(0x00000093b2500000,0x00000093b2600000)]
  0x0000019407ef0890 JavaThread "C1 CompilerThread1" daemon [_thread_blocked, id=27968, stack(0x00000093b3a00000,0x00000093b3b00000)]

Other Threads:
  0x000001947d193ab0 VMThread "VM Thread" [stack: 0x00000093b2e00000,0x00000093b2f00000] [id=15828]
  0x000001947e9a8c60 WatcherThread [stack: 0x00000093b3d00000,0x00000093b3e00000] [id=6156]
  0x00000194583a85c0 GCTaskThread "GC Thread#0" [stack: 0x00000093b2900000,0x00000093b2a00000] [id=31968]
  0x0000019408449eb0 GCTaskThread "GC Thread#1" [stack: 0x00000093b4900000,0x00000093b4a00000] [id=32068]
  0x000001940844a4d0 GCTaskThread "GC Thread#2" [stack: 0x00000093b4a00000,0x00000093b4b00000] [id=25684]
  0x0000019408448f60 GCTaskThread "GC Thread#3" [stack: 0x00000093b4b00000,0x00000093b4c00000] [id=21104]
  0x000001940844aaf0 GCTaskThread "GC Thread#4" [stack: 0x00000093b4c00000,0x00000093b4d00000] [id=8044]
  0x000001940844ae00 GCTaskThread "GC Thread#5" [stack: 0x00000093b4d00000,0x00000093b4e00000] [id=33964]
  0x00000194084eb1e0 GCTaskThread "GC Thread#6" [stack: 0x00000093b4e00000,0x00000093b4f00000] [id=34648]
  0x00000194084ea5a0 GCTaskThread "GC Thread#7" [stack: 0x00000093b4f00000,0x00000093b5000000] [id=13508]
  0x00000194084e83f0 GCTaskThread "GC Thread#8" [stack: 0x00000093b5000000,0x00000093b5100000] [id=27624]
  0x00000194084e9650 GCTaskThread "GC Thread#9" [stack: 0x00000093b5100000,0x00000093b5200000] [id=18740]
  0x00000194084e8700 GCTaskThread "GC Thread#10" [stack: 0x00000093b5200000,0x00000093b5300000] [id=17564]
  0x00000194084eca60 GCTaskThread "GC Thread#11" [stack: 0x00000093b5300000,0x00000093b5400000] [id=26756]
  0x00000194084ef230 GCTaskThread "GC Thread#12" [stack: 0x00000093b5a00000,0x00000093b5b00000] [id=27188]
  0x00000194583ba2f0 ConcurrentGCThread "G1 Main Marker" [stack: 0x00000093b2a00000,0x00000093b2b00000] [id=29308]
  0x00000194583bb410 ConcurrentGCThread "G1 Conc#0" [stack: 0x00000093b2b00000,0x00000093b2c00000] [id=14556]
  0x000001947d0475b0 ConcurrentGCThread "G1 Refine#0" [stack: 0x00000093b2c00000,0x00000093b2d00000] [id=3216]
  0x000001947d047ce0 ConcurrentGCThread "G1 Service" [stack: 0x00000093b2d00000,0x00000093b2e00000] [id=35224]

Threads with active compile tasks:

VM state: not at safepoint (normal execution)

VM Mutex/Monitor currently owned by a thread: None

Heap address: 0x0000000604400000, size: 8124 MB, Compressed Oops mode: Zero based, Oop shift amount: 3

CDS archive(s) mapped at: [0x0000000800000000-0x0000000800bb0000-0x0000000800bb0000), size 12255232, SharedBaseAddress: 0x0000000800000000, ArchiveRelocationMode: 0.
Compressed class space mapped at: 0x0000000800c00000-0x0000000840c00000, reserved size: 1073741824
Narrow klass base: 0x0000000800000000, Narrow klass shift: 3, Narrow klass range: 0x100000000

GC Precious Log:
 CPUs: 16 total, 16 available
 Memory: 32486M
 Large Page Support: Disabled
 NUMA Support: Disabled
 Compressed Oops: Enabled (Zero based)
 Heap Region Size: 4M
 Heap Min Capacity: 8M
 Heap Initial Capacity: 508M
 Heap Max Capacity: 8124M
 Pre-touch: Disabled
 Parallel Workers: 13
 Concurrent Workers: 3
 Concurrent Refinement Workers: 13
 Periodic GC: Disabled

Heap:
 garbage-first heap   total 520192K, used 182957K [0x0000000604400000, 0x0000000800000000)
  region size 4096K, 45 young (184320K), 4 survivors (16384K)
 Metaspace       used 19742K, committed 20032K, reserved 1073152K
  class space    used 2648K, committed 2816K, reserved 1048576K

Heap Regions: E=young(eden), S=young(survivor), O=old, HS=humongous(starts), HC=humongous(continues), CS=collection set, F=free, OA=open archive, CA=closed archive, TAMS=top-at-mark-start (previous, next)
|   0|0x0000000604400000, 0x0000000604406200, 0x0000000604800000|  0%| O|  |TAMS 0x0000000604400000, 0x0000000604400000| Untracked 
|   1|0x0000000604800000, 0x0000000604c00000, 0x0000000604c00000|100%|HS|  |TAMS 0x0000000604800000, 0x0000000604800000| Complete 
|   2|0x0000000604c00000, 0x0000000604c00000, 0x0000000605000000|  0%| F|  |TAMS 0x0000000604c00000, 0x0000000604c00000| Untracked 
|   3|0x0000000605000000, 0x0000000605000000, 0x0000000605400000|  0%| F|  |TAMS 0x0000000605000000, 0x0000000605000000| Untracked 
|   4|0x0000000605400000, 0x0000000605400000, 0x0000000605800000|  0%| F|  |TAMS 0x0000000605400000, 0x0000000605400000| Untracked 
|   5|0x0000000605800000, 0x0000000605800000, 0x0000000605c00000|  0%| F|  |TAMS 0x0000000605800000, 0x0000000605800000| Untracked 
|   6|0x0000000605c00000, 0x0000000605c00000, 0x0000000606000000|  0%| F|  |TAMS 0x0000000605c00000, 0x0000000605c00000| Untracked 
|   7|0x0000000606000000, 0x0000000606000000, 0x0000000606400000|  0%| F|  |TAMS 0x0000000606000000, 0x0000000606000000| Untracked 
|   8|0x0000000606400000, 0x0000000606400000, 0x0000000606800000|  0%| F|  |TAMS 0x0000000606400000, 0x0000000606400000| Untracked 
|   9|0x0000000606800000, 0x0000000606800000, 0x0000000606c00000|  0%| F|  |TAMS 0x0000000606800000, 0x0000000606800000| Untracked 
|  10|0x0000000606c00000, 0x0000000606c00000, 0x0000000607000000|  0%| F|  |TAMS 0x0000000606c00000, 0x0000000606c00000| Untracked 
|  11|0x0000000607000000, 0x0000000607000000, 0x0000000607400000|  0%| F|  |TAMS 0x0000000607000000, 0x0000000607000000| Untracked 
|  12|0x0000000607400000, 0x0000000607400000, 0x0000000607800000|  0%| F|  |TAMS 0x0000000607400000, 0x0000000607400000| Untracked 
|  13|0x0000000607800000, 0x0000000607800000, 0x0000000607c00000|  0%| F|  |TAMS 0x0000000607800000, 0x0000000607800000| Untracked 
|  14|0x0000000607c00000, 0x0000000607c00000, 0x0000000608000000|  0%| F|  |TAMS 0x0000000607c00000, 0x0000000607c00000| Untracked 
|  15|0x0000000608000000, 0x0000000608000000, 0x0000000608400000|  0%| F|  |TAMS 0x0000000608000000, 0x0000000608000000| Untracked 
|  16|0x0000000608400000, 0x0000000608400000, 0x0000000608800000|  0%| F|  |TAMS 0x0000000608400000, 0x0000000608400000| Untracked 
|  17|0x0000000608800000, 0x0000000608800000, 0x0000000608c00000|  0%| F|  |TAMS 0x0000000608800000, 0x0000000608800000| Untracked 
|  18|0x0000000608c00000, 0x0000000608c00000, 0x0000000609000000|  0%| F|  |TAMS 0x0000000608c00000, 0x0000000608c00000| Untracked 
|  19|0x0000000609000000, 0x0000000609000000, 0x0000000609400000|  0%| F|  |TAMS 0x0000000609000000, 0x0000000609000000| Untracked 
|  20|0x0000000609400000, 0x0000000609400000, 0x0000000609800000|  0%| F|  |TAMS 0x0000000609400000, 0x0000000609400000| Untracked 
|  21|0x0000000609800000, 0x0000000609800000, 0x0000000609c00000|  0%| F|  |TAMS 0x0000000609800000, 0x0000000609800000| Untracked 
|  22|0x0000000609c00000, 0x0000000609c00000, 0x000000060a000000|  0%| F|  |TAMS 0x0000000609c00000, 0x0000000609c00000| Untracked 
|  23|0x000000060a000000, 0x000000060a000000, 0x000000060a400000|  0%| F|  |TAMS 0x000000060a000000, 0x000000060a000000| Untracked 
|  24|0x000000060a400000, 0x000000060a400000, 0x000000060a800000|  0%| F|  |TAMS 0x000000060a400000, 0x000000060a400000| Untracked 
|  25|0x000000060a800000, 0x000000060a800000, 0x000000060ac00000|  0%| F|  |TAMS 0x000000060a800000, 0x000000060a800000| Untracked 
|  26|0x000000060ac00000, 0x000000060ac00000, 0x000000060b000000|  0%| F|  |TAMS 0x000000060ac00000, 0x000000060ac00000| Untracked 
|  27|0x000000060b000000, 0x000000060b000000, 0x000000060b400000|  0%| F|  |TAMS 0x000000060b000000, 0x000000060b000000| Untracked 
|  28|0x000000060b400000, 0x000000060b400000, 0x000000060b800000|  0%| F|  |TAMS 0x000000060b400000, 0x000000060b400000| Untracked 
|  29|0x000000060b800000, 0x000000060b800000, 0x000000060bc00000|  0%| F|  |TAMS 0x000000060b800000, 0x000000060b800000| Untracked 
|  30|0x000000060bc00000, 0x000000060bc00000, 0x000000060c000000|  0%| F|  |TAMS 0x000000060bc00000, 0x000000060bc00000| Untracked 
|  31|0x000000060c000000, 0x000000060c000000, 0x000000060c400000|  0%| F|  |TAMS 0x000000060c000000, 0x000000060c000000| Untracked 
|  32|0x000000060c400000, 0x000000060c400000, 0x000000060c800000|  0%| F|  |TAMS 0x000000060c400000, 0x000000060c400000| Untracked 
|  33|0x000000060c800000, 0x000000060c800000, 0x000000060cc00000|  0%| F|  |TAMS 0x000000060c800000, 0x000000060c800000| Untracked 
|  34|0x000000060cc00000, 0x000000060cc00000, 0x000000060d000000|  0%| F|  |TAMS 0x000000060cc00000, 0x000000060cc00000| Untracked 
|  35|0x000000060d000000, 0x000000060d000000, 0x000000060d400000|  0%| F|  |TAMS 0x000000060d000000, 0x000000060d000000| Untracked 
|  36|0x000000060d400000, 0x000000060d400000, 0x000000060d800000|  0%| F|  |TAMS 0x000000060d400000, 0x000000060d400000| Untracked 
|  37|0x000000060d800000, 0x000000060d800000, 0x000000060dc00000|  0%| F|  |TAMS 0x000000060d800000, 0x000000060d800000| Untracked 
|  38|0x000000060dc00000, 0x000000060dc00000, 0x000000060e000000|  0%| F|  |TAMS 0x000000060dc00000, 0x000000060dc00000| Untracked 
|  39|0x000000060e000000, 0x000000060e000000, 0x000000060e400000|  0%| F|  |TAMS 0x000000060e000000, 0x000000060e000000| Untracked 
|  40|0x000000060e400000, 0x000000060e400000, 0x000000060e800000|  0%| F|  |TAMS 0x000000060e400000, 0x000000060e400000| Untracked 
|  41|0x000000060e800000, 0x000000060e800000, 0x000000060ec00000|  0%| F|  |TAMS 0x000000060e800000, 0x000000060e800000| Untracked 
|  42|0x000000060ec00000, 0x000000060ec00000, 0x000000060f000000|  0%| F|  |TAMS 0x000000060ec00000, 0x000000060ec00000| Untracked 
|  43|0x000000060f000000, 0x000000060f000000, 0x000000060f400000|  0%| F|  |TAMS 0x000000060f000000, 0x000000060f000000| Untracked 
|  44|0x000000060f400000, 0x000000060f400000, 0x000000060f800000|  0%| F|  |TAMS 0x000000060f400000, 0x000000060f400000| Untracked 
|  45|0x000000060f800000, 0x000000060f800000, 0x000000060fc00000|  0%| F|  |TAMS 0x000000060f800000, 0x000000060f800000| Untracked 
|  46|0x000000060fc00000, 0x000000060fc00000, 0x0000000610000000|  0%| F|  |TAMS 0x000000060fc00000, 0x000000060fc00000| Untracked 
|  47|0x0000000610000000, 0x0000000610000000, 0x0000000610400000|  0%| F|  |TAMS 0x0000000610000000, 0x0000000610000000| Untracked 
|  48|0x0000000610400000, 0x0000000610400000, 0x0000000610800000|  0%| F|  |TAMS 0x0000000610400000, 0x0000000610400000| Untracked 
|  49|0x0000000610800000, 0x0000000610800000, 0x0000000610c00000|  0%| F|  |TAMS 0x0000000610800000, 0x0000000610800000| Untracked 
|  50|0x0000000610c00000, 0x0000000610c00000, 0x0000000611000000|  0%| F|  |TAMS 0x0000000610c00000, 0x0000000610c00000| Untracked 
|  51|0x0000000611000000, 0x00000006112a54e0, 0x0000000611400000| 66%| S|CS|TAMS 0x0000000611000000, 0x0000000611000000| Complete 
|  52|0x0000000611400000, 0x0000000611800000, 0x0000000611800000|100%| S|CS|TAMS 0x0000000611400000, 0x0000000611400000| Complete 
|  53|0x0000000611800000, 0x0000000611c00000, 0x0000000611c00000|100%| S|CS|TAMS 0x0000000611800000, 0x0000000611800000| Complete 
|  54|0x0000000611c00000, 0x0000000612000000, 0x0000000612000000|100%| S|CS|TAMS 0x0000000611c00000, 0x0000000611c00000| Complete 
|  55|0x0000000612000000, 0x0000000612000000, 0x0000000612400000|  0%| F|  |TAMS 0x0000000612000000, 0x0000000612000000| Untracked 
|  56|0x0000000612400000, 0x0000000612400000, 0x0000000612800000|  0%| F|  |TAMS 0x0000000612400000, 0x0000000612400000| Untracked 
|  57|0x0000000612800000, 0x0000000612800000, 0x0000000612c00000|  0%| F|  |TAMS 0x0000000612800000, 0x0000000612800000| Untracked 
|  58|0x0000000612c00000, 0x0000000612c00000, 0x0000000613000000|  0%| F|  |TAMS 0x0000000612c00000, 0x0000000612c00000| Untracked 
|  59|0x0000000613000000, 0x0000000613000000, 0x0000000613400000|  0%| F|  |TAMS 0x0000000613000000, 0x0000000613000000| Untracked 
|  60|0x0000000613400000, 0x0000000613400000, 0x0000000613800000|  0%| F|  |TAMS 0x0000000613400000, 0x0000000613400000| Untracked 
|  61|0x0000000613800000, 0x0000000613800000, 0x0000000613c00000|  0%| F|  |TAMS 0x0000000613800000, 0x0000000613800000| Untracked 
|  62|0x0000000613c00000, 0x0000000613c00000, 0x0000000614000000|  0%| F|  |TAMS 0x0000000613c00000, 0x0000000613c00000| Untracked 
|  63|0x0000000614000000, 0x0000000614000000, 0x0000000614400000|  0%| F|  |TAMS 0x0000000614000000, 0x0000000614000000| Untracked 
|  64|0x0000000614400000, 0x0000000614400000, 0x0000000614800000|  0%| F|  |TAMS 0x0000000614400000, 0x0000000614400000| Untracked 
|  65|0x0000000614800000, 0x0000000614800000, 0x0000000614c00000|  0%| F|  |TAMS 0x0000000614800000, 0x0000000614800000| Untracked 
|  66|0x0000000614c00000, 0x0000000614c00000, 0x0000000615000000|  0%| F|  |TAMS 0x0000000614c00000, 0x0000000614c00000| Untracked 
|  67|0x0000000615000000, 0x0000000615000000, 0x0000000615400000|  0%| F|  |TAMS 0x0000000615000000, 0x0000000615000000| Untracked 
|  68|0x0000000615400000, 0x0000000615400000, 0x0000000615800000|  0%| F|  |TAMS 0x0000000615400000, 0x0000000615400000| Untracked 
|  69|0x0000000615800000, 0x0000000615800000, 0x0000000615c00000|  0%| F|  |TAMS 0x0000000615800000, 0x0000000615800000| Untracked 
|  70|0x0000000615c00000, 0x0000000615c00000, 0x0000000616000000|  0%| F|  |TAMS 0x0000000615c00000, 0x0000000615c00000| Untracked 
|  71|0x0000000616000000, 0x0000000616000000, 0x0000000616400000|  0%| F|  |TAMS 0x0000000616000000, 0x0000000616000000| Untracked 
|  72|0x0000000616400000, 0x0000000616400000, 0x0000000616800000|  0%| F|  |TAMS 0x0000000616400000, 0x0000000616400000| Untracked 
|  73|0x0000000616800000, 0x0000000616800000, 0x0000000616c00000|  0%| F|  |TAMS 0x0000000616800000, 0x0000000616800000| Untracked 
|  74|0x0000000616c00000, 0x0000000616c00000, 0x0000000617000000|  0%| F|  |TAMS 0x0000000616c00000, 0x0000000616c00000| Untracked 
|  75|0x0000000617000000, 0x0000000617000000, 0x0000000617400000|  0%| F|  |TAMS 0x0000000617000000, 0x0000000617000000| Untracked 
|  76|0x0000000617400000, 0x0000000617400000, 0x0000000617800000|  0%| F|  |TAMS 0x0000000617400000, 0x0000000617400000| Untracked 
|  77|0x0000000617800000, 0x0000000617800000, 0x0000000617c00000|  0%| F|  |TAMS 0x0000000617800000, 0x0000000617800000| Untracked 
|  78|0x0000000617c00000, 0x0000000617c00000, 0x0000000618000000|  0%| F|  |TAMS 0x0000000617c00000, 0x0000000617c00000| Untracked 
|  79|0x0000000618000000, 0x0000000618000000, 0x0000000618400000|  0%| F|  |TAMS 0x0000000618000000, 0x0000000618000000| Untracked 
|  80|0x0000000618400000, 0x0000000618400000, 0x0000000618800000|  0%| F|  |TAMS 0x0000000618400000, 0x0000000618400000| Untracked 
|  81|0x0000000618800000, 0x0000000618800000, 0x0000000618c00000|  0%| F|  |TAMS 0x0000000618800000, 0x0000000618800000| Untracked 
|  82|0x0000000618c00000, 0x0000000618c00000, 0x0000000619000000|  0%| F|  |TAMS 0x0000000618c00000, 0x0000000618c00000| Untracked 
|  83|0x0000000619000000, 0x0000000619000000, 0x0000000619400000|  0%| F|  |TAMS 0x0000000619000000, 0x0000000619000000| Untracked 
|  84|0x0000000619400000, 0x0000000619400000, 0x0000000619800000|  0%| F|  |TAMS 0x0000000619400000, 0x0000000619400000| Untracked 
|  85|0x0000000619800000, 0x0000000619800000, 0x0000000619c00000|  0%| F|  |TAMS 0x0000000619800000, 0x0000000619800000| Untracked 
|  86|0x0000000619c00000, 0x0000000619fd7e60, 0x000000061a000000| 96%| E|  |TAMS 0x0000000619c00000, 0x0000000619c00000| Complete 
|  87|0x000000061a000000, 0x000000061a400000, 0x000000061a400000|100%| E|CS|TAMS 0x000000061a000000, 0x000000061a000000| Complete 
|  88|0x000000061a400000, 0x000000061a800000, 0x000000061a800000|100%| E|CS|TAMS 0x000000061a400000, 0x000000061a400000| Complete 
|  89|0x000000061a800000, 0x000000061ac00000, 0x000000061ac00000|100%| E|CS|TAMS 0x000000061a800000, 0x000000061a800000| Complete 
|  90|0x000000061ac00000, 0x000000061b000000, 0x000000061b000000|100%| E|CS|TAMS 0x000000061ac00000, 0x000000061ac00000| Complete 
|  91|0x000000061b000000, 0x000000061b400000, 0x000000061b400000|100%| E|CS|TAMS 0x000000061b000000, 0x000000061b000000| Complete 
|  92|0x000000061b400000, 0x000000061b800000, 0x000000061b800000|100%| E|CS|TAMS 0x000000061b400000, 0x000000061b400000| Complete 
|  93|0x000000061b800000, 0x000000061bc00000, 0x000000061bc00000|100%| E|CS|TAMS 0x000000061b800000, 0x000000061b800000| Complete 
|  94|0x000000061bc00000, 0x000000061c000000, 0x000000061c000000|100%| E|CS|TAMS 0x000000061bc00000, 0x000000061bc00000| Complete 
|  95|0x000000061c000000, 0x000000061c400000, 0x000000061c400000|100%| E|CS|TAMS 0x000000061c000000, 0x000000061c000000| Complete 
|  96|0x000000061c400000, 0x000000061c800000, 0x000000061c800000|100%| E|CS|TAMS 0x000000061c400000, 0x000000061c400000| Complete 
|  97|0x000000061c800000, 0x000000061cc00000, 0x000000061cc00000|100%| E|CS|TAMS 0x000000061c800000, 0x000000061c800000| Complete 
|  98|0x000000061cc00000, 0x000000061d000000, 0x000000061d000000|100%| E|CS|TAMS 0x000000061cc00000, 0x000000061cc00000| Complete 
|  99|0x000000061d000000, 0x000000061d400000, 0x000000061d400000|100%| E|CS|TAMS 0x000000061d000000, 0x000000061d000000| Complete 
| 100|0x000000061d400000, 0x000000061d800000, 0x000000061d800000|100%| E|CS|TAMS 0x000000061d400000, 0x000000061d400000| Complete 
| 101|0x000000061d800000, 0x000000061dc00000, 0x000000061dc00000|100%| E|CS|TAMS 0x000000061d800000, 0x000000061d800000| Complete 
| 102|0x000000061dc00000, 0x000000061e000000, 0x000000061e000000|100%| E|CS|TAMS 0x000000061dc00000, 0x000000061dc00000| Complete 
| 103|0x000000061e000000, 0x000000061e400000, 0x000000061e400000|100%| E|CS|TAMS 0x000000061e000000, 0x000000061e000000| Complete 
| 104|0x000000061e400000, 0x000000061e800000, 0x000000061e800000|100%| E|CS|TAMS 0x000000061e400000, 0x000000061e400000| Complete 
| 105|0x000000061e800000, 0x000000061ec00000, 0x000000061ec00000|100%| E|CS|TAMS 0x000000061e800000, 0x000000061e800000| Complete 
| 106|0x000000061ec00000, 0x000000061f000000, 0x000000061f000000|100%| E|CS|TAMS 0x000000061ec00000, 0x000000061ec00000| Complete 
| 107|0x000000061f000000, 0x000000061f400000, 0x000000061f400000|100%| E|CS|TAMS 0x000000061f000000, 0x000000061f000000| Complete 
| 108|0x000000061f400000, 0x000000061f800000, 0x000000061f800000|100%| E|CS|TAMS 0x000000061f400000, 0x000000061f400000| Complete 
| 109|0x000000061f800000, 0x000000061fc00000, 0x000000061fc00000|100%| E|CS|TAMS 0x000000061f800000, 0x000000061f800000| Complete 
| 110|0x000000061fc00000, 0x0000000620000000, 0x0000000620000000|100%| E|CS|TAMS 0x000000061fc00000, 0x000000061fc00000| Complete 
| 111|0x0000000620000000, 0x0000000620400000, 0x0000000620400000|100%| E|CS|TAMS 0x0000000620000000, 0x0000000620000000| Complete 
| 112|0x0000000620400000, 0x0000000620800000, 0x0000000620800000|100%| E|CS|TAMS 0x0000000620400000, 0x0000000620400000| Complete 
| 113|0x0000000620800000, 0x0000000620c00000, 0x0000000620c00000|100%| E|CS|TAMS 0x0000000620800000, 0x0000000620800000| Complete 
| 114|0x0000000620c00000, 0x0000000621000000, 0x0000000621000000|100%| E|CS|TAMS 0x0000000620c00000, 0x0000000620c00000| Complete 
| 115|0x0000000621000000, 0x0000000621400000, 0x0000000621400000|100%| E|CS|TAMS 0x0000000621000000, 0x0000000621000000| Complete 
| 116|0x0000000621400000, 0x0000000621800000, 0x0000000621800000|100%| E|CS|TAMS 0x0000000621400000, 0x0000000621400000| Complete 
| 117|0x0000000621800000, 0x0000000621c00000, 0x0000000621c00000|100%| E|CS|TAMS 0x0000000621800000, 0x0000000621800000| Complete 
| 118|0x0000000621c00000, 0x0000000622000000, 0x0000000622000000|100%| E|CS|TAMS 0x0000000621c00000, 0x0000000621c00000| Complete 
| 119|0x0000000622000000, 0x0000000622400000, 0x0000000622400000|100%| E|CS|TAMS 0x0000000622000000, 0x0000000622000000| Complete 
| 120|0x0000000622400000, 0x0000000622800000, 0x0000000622800000|100%| E|CS|TAMS 0x0000000622400000, 0x0000000622400000| Complete 
| 121|0x0000000622800000, 0x0000000622c00000, 0x0000000622c00000|100%| E|CS|TAMS 0x0000000622800000, 0x0000000622800000| Complete 
| 122|0x0000000622c00000, 0x0000000623000000, 0x0000000623000000|100%| E|CS|TAMS 0x0000000622c00000, 0x0000000622c00000| Complete 
| 123|0x0000000623000000, 0x0000000623400000, 0x0000000623400000|100%| E|CS|TAMS 0x0000000623000000, 0x0000000623000000| Complete 
| 124|0x0000000623400000, 0x0000000623800000, 0x0000000623800000|100%| E|CS|TAMS 0x0000000623400000, 0x0000000623400000| Complete 
| 125|0x0000000623800000, 0x0000000623c00000, 0x0000000623c00000|100%| E|CS|TAMS 0x0000000623800000, 0x0000000623800000| Complete 
| 126|0x0000000623c00000, 0x0000000624000000, 0x0000000624000000|100%| E|CS|TAMS 0x0000000623c00000, 0x0000000623c00000| Complete 

Card table byte_map: [0x0000019470300000,0x00000194712e0000] _byte_map_base: 0x000001946d2de000

Marking Bits (Prev, Next): (CMBitMap*) 0x00000194583a9b50, (CMBitMap*) 0x00000194583a9b90
 Prev Bits: [0x00000194722c0000, 0x000001947a1b0000)
 Next Bits: [0x0000019400000000, 0x0000019407ef0000)

Polling page: 0x0000019456300000

Metaspace:

Usage:
  Non-class:     16.70 MB used.
      Class:      2.59 MB used.
       Both:     19.28 MB used.

Virtual space:
  Non-class space:       24.00 MB reserved,      16.81 MB ( 70%) committed,  3 nodes.
      Class space:        1.00 GB reserved,       2.75 MB ( <1%) committed,  1 nodes.
              Both:        1.02 GB reserved,      19.56 MB (  2%) committed. 

Chunk freelists:
   Non-Class:  2.31 MB
       Class:  1.17 MB
        Both:  3.48 MB

MaxMetaspaceSize: 17179869184.00 GB
CompressedClassSpaceSize: 1.00 GB
 - commit_granule_bytes: 65536.
 - commit_granule_words: 8192.
 - virtual_space_node_default_size: 1048576.
 - enlarge_chunks_in_place: 1.
 - new_chunks_are_fully_committed: 0.
 - uncommit_free_chunks: 1.
 - use_allocation_guard: 0.
 - handle_deallocations: 1.


Internal statistics:

num_allocs_failed_limit: 0.
num_arena_births: 258.
num_arena_deaths: 0.
num_vsnodes_births: 4.
num_vsnodes_deaths: 0.
num_space_committed: 313.
num_space_uncommitted: 0.
num_chunks_returned_to_freelist: 0.
num_chunks_taken_from_freelist: 930.
num_chunk_merges: 0.
num_chunk_splits: 620.
num_chunks_enlarged: 452.
num_purges: 0.

CodeHeap 'non-profiled nmethods': size=119168Kb used=1939Kb max_used=1939Kb free=117228Kb
 bounds [0x0000019467640000, 0x00000194678b0000, 0x000001946eaa0000]
CodeHeap 'profiled nmethods': size=119104Kb used=8427Kb max_used=8427Kb free=110676Kb
 bounds [0x00000194601f0000, 0x0000019460a30000, 0x0000019467640000]
CodeHeap 'non-nmethods': size=7488Kb used=2103Kb max_used=3277Kb free=5384Kb
 bounds [0x000001945faa0000, 0x000001945fde0000, 0x00000194601f0000]
 total_blobs=4880 nmethods=4044 adapters=747
 compilation: enabled
              stopped_count=0, restarted_count=0
 full_count=0

Compilation events (20 events):
Event: 139.096 Thread 0x000001947dc21670 nmethod 3992 0x0000019460a08310 code [0x0000019460a084c0, 0x0000019460a087d8]
Event: 139.099 Thread 0x000001947dc18c60 3993       4       com.sun.javafx.css.BitSet::equals (117 bytes)
Event: 139.100 Thread 0x000001947dc21670 3995       1       javafx.scene.control.skin.SplitPaneSkin$Content::getArea (5 bytes)
Event: 139.100 Thread 0x000001947dc21670 nmethod 3995 0x0000019467822090 code [0x0000019467822220, 0x00000194678222f8]
Event: 139.101 Thread 0x000001947dc21670 3997       3       javafx.scene.control.skin.LabeledSkinBase::bottomLabelPadding (18 bytes)
Event: 139.101 Thread 0x000001947dc21670 nmethod 3997 0x0000019460a08890 code [0x0000019460a08b00, 0x0000019460a09698]
Event: 139.101 Thread 0x000001947dc21670 3998       3       javafx.scene.control.skin.LabeledSkinBase::rightLabelPadding (18 bytes)
Event: 139.102 Thread 0x000001947dc21670 nmethod 3998 0x0000019460a09a90 code [0x0000019460a09d00, 0x0000019460a0a898]
Event: 139.102 Thread 0x000001947dc21670 4000       3       javafx.scene.control.skin.LabeledSkinBase::computePrefHeight (273 bytes)
Event: 139.103 Thread 0x000001947dc18c60 nmethod 3993 0x0000019467822390 code [0x0000019467822520, 0x0000019467822778]
Event: 139.103 Thread 0x000001947dc18c60 3994       4       com.sun.javafx.css.ParsedValueImpl::hashCode (236 bytes)
Event: 139.107 Thread 0x000001947dc18c60 nmethod 3994 0x0000019467822a10 code [0x0000019467822ba0, 0x0000019467822dd8]
Event: 139.107 Thread 0x000001947dc18c60 3996       4       java.lang.Character::isHighSurrogate (18 bytes)
Event: 139.107 Thread 0x0000019407ef0890 4007       3       java.util.regex.Pattern$GroupTail::match (111 bytes)
Event: 139.108 Thread 0x000001947dc18c60 nmethod 3996 0x0000019467822f90 code [0x0000019467823100, 0x0000019467823178]
Event: 139.109 Thread 0x000001947dc18c60 4006       4       com.sun.javafx.geom.RectBounds::setBounds (22 bytes)
Event: 139.109 Thread 0x0000019407ef0890 nmethod 4007 0x0000019460a12e10 code [0x0000019460a12fe0, 0x0000019460a133e8]
Event: 139.109 Thread 0x0000019407ef0890 4008       3       java.util.regex.Matcher::getTextLength (10 bytes)
Event: 139.109 Thread 0x000001947dc21670 nmethod 4000 0x0000019460a0ac90 code [0x0000019460a0b460, 0x0000019460a10f88]
Event: 139.109 Thread 0x000001947dc21670 4010       3       java.util.regex.Pattern$BranchConn::match (11 bytes)

GC Heap History (12 events):
Event: 1.097 GC heap before
{Heap before GC invocations=0 (full 0):
 garbage-first heap   total 520192K, used 24576K [0x0000000604400000, 0x0000000800000000)
  region size 4096K, 6 young (24576K), 0 survivors (0K)
 Metaspace       used 4637K, committed 4800K, reserved 1056768K
  class space    used 480K, committed 576K, reserved 1048576K
}
Event: 1.099 GC heap after
{Heap after GC invocations=1 (full 0):
 garbage-first heap   total 520192K, used 2604K [0x0000000604400000, 0x0000000800000000)
  region size 4096K, 1 young (4096K), 1 survivors (4096K)
 Metaspace       used 4637K, committed 4800K, reserved 1056768K
  class space    used 480K, committed 576K, reserved 1048576K
}
Event: 1.778 GC heap before
{Heap before GC invocations=1 (full 0):
 garbage-first heap   total 520192K, used 51756K [0x0000000604400000, 0x0000000800000000)
  region size 4096K, 13 young (53248K), 1 survivors (4096K)
 Metaspace       used 15294K, committed 15552K, reserved 1064960K
  class space    used 2137K, committed 2304K, reserved 1048576K
}
Event: 1.783 GC heap after
{Heap after GC invocations=2 (full 0):
 garbage-first heap   total 520192K, used 8216K [0x0000000604400000, 0x0000000800000000)
  region size 4096K, 2 young (8192K), 2 survivors (8192K)
 Metaspace       used 15294K, committed 15552K, reserved 1064960K
  class space    used 2137K, committed 2304K, reserved 1048576K
}
Event: 5.803 GC heap before
{Heap before GC invocations=2 (full 0):
 garbage-first heap   total 520192K, used 315416K [0x0000000604400000, 0x0000000800000000)
  region size 4096K, 76 young (311296K), 2 survivors (8192K)
 Metaspace       used 19353K, committed 19648K, reserved 1073152K
  class space    used 2624K, committed 2752K, reserved 1048576K
}
Event: 5.810 GC heap after
{Heap after GC invocations=3 (full 0):
 garbage-first heap   total 520192K, used 19502K [0x0000000604400000, 0x0000000800000000)
  region size 4096K, 4 young (16384K), 4 survivors (16384K)
 Metaspace       used 19353K, committed 19648K, reserved 1073152K
  class space    used 2624K, committed 2752K, reserved 1048576K
}
Event: 5.855 GC heap before
{Heap before GC invocations=3 (full 0):
 garbage-first heap   total 520192K, used 314414K [0x0000000604400000, 0x0000000800000000)
  region size 4096K, 76 young (311296K), 4 survivors (16384K)
 Metaspace       used 19370K, committed 19648K, reserved 1073152K
  class space    used 2624K, committed 2752K, reserved 1048576K
}
Event: 5.862 GC heap after
{Heap after GC invocations=4 (full 0):
 garbage-first heap   total 520192K, used 17909K [0x0000000604400000, 0x0000000800000000)
  region size 4096K, 4 young (16384K), 4 survivors (16384K)
 Metaspace       used 19370K, committed 19648K, reserved 1073152K
  class space    used 2624K, committed 2752K, reserved 1048576K
}
Event: 5.893 GC heap before
{Heap before GC invocations=4 (full 0):
 garbage-first heap   total 520192K, used 312821K [0x0000000604400000, 0x0000000800000000)
  region size 4096K, 76 young (311296K), 4 survivors (16384K)
 Metaspace       used 19371K, committed 19648K, reserved 1073152K
  class space    used 2624K, committed 2752K, reserved 1048576K
}
Event: 5.898 GC heap after
{Heap after GC invocations=5 (full 0):
 garbage-first heap   total 520192K, used 18359K [0x0000000604400000, 0x0000000800000000)
  region size 4096K, 4 young (16384K), 4 survivors (16384K)
 Metaspace       used 19371K, committed 19648K, reserved 1073152K
  class space    used 2624K, committed 2752K, reserved 1048576K
}
Event: 139.083 GC heap before
{Heap before GC invocations=5 (full 0):
 garbage-first heap   total 520192K, used 313271K [0x0000000604400000, 0x0000000800000000)
  region size 4096K, 76 young (311296K), 4 survivors (16384K)
 Metaspace       used 19597K, committed 19840K, reserved 1073152K
  class space    used 2633K, committed 2752K, reserved 1048576K
}
Event: 139.091 GC heap after
{Heap after GC invocations=6 (full 0):
 garbage-first heap   total 520192K, used 19117K [0x0000000604400000, 0x0000000800000000)
  region size 4096K, 4 young (16384K), 4 survivors (16384K)
 Metaspace       used 19597K, committed 19840K, reserved 1073152K
  class space    used 2633K, committed 2752K, reserved 1048576K
}

Deoptimization events (20 events):
Event: 139.095 Thread 0x0000019408037430 DEOPT PACKING pc=0x000001946075ec7c sp=0x00000093b45fddb0
Event: 139.095 Thread 0x0000019408037430 DEOPT UNPACKING pc=0x000001945faedece sp=0x00000093b45fd270 mode 0
Event: 139.095 Thread 0x0000019408037430 DEOPT PACKING pc=0x000001946075a9bc sp=0x00000093b45fde20
Event: 139.095 Thread 0x0000019408037430 DEOPT UNPACKING pc=0x000001945faedece sp=0x00000093b45fd2a8 mode 0
Event: 139.095 Thread 0x0000019408037430 DEOPT PACKING pc=0x000001946078fc6c sp=0x00000093b45fde80
Event: 139.095 Thread 0x0000019408037430 DEOPT UNPACKING pc=0x000001945faedece sp=0x00000093b45fd380 mode 0
Event: 139.095 Thread 0x0000019408037430 DEOPT PACKING pc=0x00000194609381dc sp=0x00000093b45fdfb0
Event: 139.095 Thread 0x0000019408037430 DEOPT UNPACKING pc=0x000001945faedece sp=0x00000093b45fd580 mode 0
Event: 139.096 Thread 0x0000019408037430 DEOPT PACKING pc=0x000001946093eb2c sp=0x00000093b45fe470
Event: 139.096 Thread 0x0000019408037430 DEOPT UNPACKING pc=0x000001945faedece sp=0x00000093b45fd7f8 mode 0
Event: 139.096 Thread 0x0000019408037430 DEOPT PACKING pc=0x000001946093ae9c sp=0x00000093b45fe540
Event: 139.096 Thread 0x0000019408037430 DEOPT UNPACKING pc=0x000001945faedece sp=0x00000093b45fda28 mode 0
Event: 139.096 Thread 0x0000019408037430 DEOPT PACKING pc=0x000001946093e0bc sp=0x00000093b45fe5e0
Event: 139.096 Thread 0x0000019408037430 DEOPT UNPACKING pc=0x000001945faedece sp=0x00000093b45fdaa0 mode 0
Event: 139.096 Thread 0x0000019408037430 DEOPT PACKING pc=0x000001946093cd14 sp=0x00000093b45fe6a0
Event: 139.096 Thread 0x0000019408037430 DEOPT UNPACKING pc=0x000001945faedece sp=0x00000093b45fdb58 mode 0
Event: 139.096 Thread 0x0000019408037430 DEOPT PACKING pc=0x00000194609415a4 sp=0x00000093b45fe750
Event: 139.096 Thread 0x0000019408037430 DEOPT UNPACKING pc=0x000001945faedece sp=0x00000093b45fdcc0 mode 0
Event: 139.109 Thread 0x00000194089c2540 DEOPT PACKING pc=0x00000194603a56d4 sp=0x00000093b27ff4f0
Event: 139.109 Thread 0x00000194089c2540 DEOPT UNPACKING pc=0x000001945faedece sp=0x00000093b27fe950 mode 1

Classes unloaded (0 events):
No events

Classes redefined (0 events):
No events

Internal exceptions (20 events):
Event: 1.852 Thread 0x0000019408037430 Exception <a 'sun/nio/fs/WindowsException'{0x0000000623a57318}> (0x0000000623a57318) 
thrown [t:\workspace\open\src\hotspot\share\prims\jni.cpp, line 579]
Event: 1.909 Thread 0x0000019408037430 Exception <a 'java/lang/NoSuchMethodError'{0x0000000623411320}: 'java.lang.Object java.lang.invoke.DirectMethodHandle$Holder.newInvokeSpecial(java.lang.Object, java.lang.Object, int, int)'> (0x0000000623411320) 
thrown [t:\workspace\open\src\hotspot\share\interpreter\linkResolver.cpp, line 790]
Event: 1.914 Thread 0x0000019408037430 Exception <a 'java/lang/NoSuchMethodError'{0x0000000623427068}: 'java.lang.Object java.lang.invoke.DirectMethodHandle$Holder.newInvokeSpecial(java.lang.Object, java.lang.Object, int)'> (0x0000000623427068) 
thrown [t:\workspace\open\src\hotspot\share\interpreter\linkResolver.cpp, line 790]
Event: 1.987 Thread 0x000001947ea2dfd0 Exception <a 'java/lang/NoSuchMethodError'{0x0000000622c1f130}: 'int java.lang.invoke.DirectMethodHandle$Holder.invokeStaticInit(java.lang.Object, java.lang.Object)'> (0x0000000622c1f130) 
thrown [t:\workspace\open\src\hotspot\share\interpreter\linkResolver.cpp, line 790]
Event: 2.061 Thread 0x000001947ea2dfd0 Exception <a 'java/lang/NoSuchMethodError'{0x000000062293c7f8}: 'java.lang.Object java.lang.invoke.DirectMethodHandle$Holder.invokeStaticInit(java.lang.Object, int)'> (0x000000062293c7f8) 
thrown [t:\workspace\open\src\hotspot\share\interpreter\linkResolver.cpp, line 790]
Event: 2.986 Thread 0x0000019408037430 Implicit null exception at 0x000001946774c88f to 0x000001946774d1a4
Event: 2.986 Thread 0x0000019408037430 Implicit null exception at 0x000001946772732b to 0x000001946772842c
Event: 3.786 Thread 0x0000019408037430 Exception <a 'java/lang/NoSuchMethodError'{0x00000006224092c0}: 'long java.lang.invoke.DirectMethodHandle$Holder.invokeStatic(java.lang.Object, java.lang.Object, java.lang.Object)'> (0x00000006224092c0) 
thrown [t:\workspace\open\src\hotspot\share\interpreter\linkResolver.cpp, line 790]
Event: 3.787 Thread 0x0000019408037430 Exception <a 'java/lang/NoSuchMethodError'{0x000000062240cc70}: 'long java.lang.invoke.DirectMethodHandle$Holder.invokeStaticInit(java.lang.Object, java.lang.Object, java.lang.Object)'> (0x000000062240cc70) 
thrown [t:\workspace\open\src\hotspot\share\interpreter\linkResolver.cpp, line 790]
Event: 3.788 Thread 0x0000019408037430 Exception <a 'java/lang/NoSuchMethodError'{0x0000000622424b90}: 'java.lang.Object java.lang.invoke.DirectMethodHandle$Holder.newInvokeSpecial(java.lang.Object, java.lang.Object, long)'> (0x0000000622424b90) 
thrown [t:\workspace\open\src\hotspot\share\interpreter\linkResolver.cpp, line 790]
Event: 3.788 Thread 0x0000019408037430 Exception <a 'java/lang/NoSuchMethodError'{0x0000000622428900}: 'java.lang.Object java.lang.invoke.Invokers$Holder.linkToTargetMethod(java.lang.Object, long, java.lang.Object)'> (0x0000000622428900) 
thrown [t:\workspace\open\src\hotspot\share\interpreter\linkResolver.cpp, line 790]
Event: 3.899 Thread 0x0000019408037430 Implicit null exception at 0x00000194676910f7 to 0x00000194676917f0
Event: 3.899 Thread 0x0000019408037430 Implicit null exception at 0x0000019467696477 to 0x0000019467696b2c
Event: 3.939 Thread 0x0000019408037430 Exception <a 'sun/nio/fs/WindowsException'{0x000000062278cbd0}> (0x000000062278cbd0) 
thrown [t:\workspace\open\src\hotspot\share\prims\jni.cpp, line 579]
Event: 3.939 Thread 0x0000019408037430 Exception <a 'sun/nio/fs/WindowsException'{0x0000000622790290}> (0x0000000622790290) 
thrown [t:\workspace\open\src\hotspot\share\prims\jni.cpp, line 579]
Event: 3.940 Thread 0x0000019408037430 Exception <a 'sun/nio/fs/WindowsException'{0x0000000622793740}> (0x0000000622793740) 
thrown [t:\workspace\open\src\hotspot\share\prims\jni.cpp, line 579]
Event: 4.007 Thread 0x0000019408037430 Exception <a 'java/lang/NoSuchMethodError'{0x00000006221e0700}: 'void java.lang.invoke.DirectMethodHandle$Holder.invokeSpecial(java.lang.Object, java.lang.Object, double)'> (0x00000006221e0700) 
thrown [t:\workspace\open\src\hotspot\share\interpreter\linkResolver.cpp, line 790]
Event: 4.008 Thread 0x0000019408037430 Exception <a 'java/lang/NoSuchMethodError'{0x00000006221e6cb0}: 'java.lang.Object java.lang.invoke.DirectMethodHandle$Holder.newInvokeSpecial(java.lang.Object, java.lang.Object, double)'> (0x00000006221e6cb0) 
thrown [t:\workspace\open\src\hotspot\share\interpreter\linkResolver.cpp, line 790]
Event: 4.008 Thread 0x0000019408037430 Exception <a 'java/lang/NoSuchMethodError'{0x00000006221eaf30}: 'java.lang.Object java.lang.invoke.DirectMethodHandle$Holder.invokeSpecial(java.lang.Object, java.lang.Object, java.lang.Object, double)'> (0x00000006221eaf30) 
thrown [t:\workspace\open\src\hotspot\share\interpreter\linkResolver.cpp, line 790]
Event: 4.912 Thread 0x0000019408037430 Implicit null exception at 0x00000194677c6404 to 0x00000194677c7020

Events (20 events):
Event: 139.107 Thread 0x00000194089c1550 Thread added: 0x00000194089c1550
Event: 139.107 Thread 0x00000194089c1550 Thread exited: 0x00000194089c1550
Event: 139.107 loading class com/sun/javafx/font/PrismFontFile
Event: 139.107 loading class com/sun/javafx/font/PrismFontFile done
Event: 139.107 Thread 0x00000194089c0560 Thread added: 0x00000194089c0560
Event: 139.107 Thread 0x00000194089c0560 Thread exited: 0x00000194089c0560
Event: 139.108 Thread 0x00000194089c0560 Thread added: 0x00000194089c0560
Event: 139.108 Thread 0x00000194089c0560 Thread exited: 0x00000194089c0560
Event: 139.108 Thread 0x00000194089c0560 Thread added: 0x00000194089c0560
Event: 139.108 Thread 0x00000194089c0560 Thread exited: 0x00000194089c0560
Event: 139.108 loading class com/sun/javafx/tk/quantum/QuantumToolkit
Event: 139.108 loading class com/sun/javafx/tk/quantum/QuantumToolkit done
Event: 139.108 Thread 0x00000194089c3530 Thread added: 0x00000194089c3530
Event: 139.108 Thread 0x00000194089c3530 Thread exited: 0x00000194089c3530
Event: 139.108 Thread 0x00000194089c1550 Thread added: 0x00000194089c1550
Event: 139.108 Thread 0x00000194089c1550 Thread exited: 0x00000194089c1550
Event: 139.108 Thread 0x00000194089c0560 Thread added: 0x00000194089c0560
Event: 139.109 Thread 0x00000194089c0560 Thread exited: 0x00000194089c0560
Event: 139.109 Thread 0x00000194089c3530 Thread added: 0x00000194089c3530
Event: 139.109 Thread 0x00000194089c3530 Thread exited: 0x00000194089c3530


Dynamic libraries:
0x00007ff6a6ab0000 - 0x00007ff6a6ac0000 	C:\Program Files\Java\jdk-16.0.1\bin\java.exe
0x00007ffb68c70000 - 0x00007ffb68e65000 	C:\Windows\SYSTEM32\ntdll.dll
0x00007ffb67f50000 - 0x00007ffb6800d000 	C:\Windows\System32\KERNEL32.DLL
0x00007ffb66520000 - 0x00007ffb667e9000 	C:\Windows\System32\KERNELBASE.dll
0x00007ffb607d0000 - 0x00007ffb60860000 	C:\Windows\SYSTEM32\apphelp.dll
0x00007ffb66420000 - 0x00007ffb66520000 	C:\Windows\System32\ucrtbase.dll
0x00007ffb5ea20000 - 0x00007ffb5ea38000 	C:\Program Files\Java\jdk-16.0.1\bin\jli.dll
0x00007ffb5ea00000 - 0x00007ffb5ea19000 	C:\Program Files\Java\jdk-16.0.1\bin\VCRUNTIME140.dll
0x00007ffb68b80000 - 0x00007ffb68c2c000 	C:\Windows\System32\ADVAPI32.dll
0x00007ffb66f00000 - 0x00007ffb66f9e000 	C:\Windows\System32\msvcrt.dll
0x00007ffb68ae0000 - 0x00007ffb68b7b000 	C:\Windows\System32\sechost.dll
0x00007ffb66fa0000 - 0x00007ffb670ca000 	C:\Windows\System32\RPCRT4.dll
0x00007ffb67db0000 - 0x00007ffb67f50000 	C:\Windows\System32\USER32.dll
0x00007ffb663f0000 - 0x00007ffb66412000 	C:\Windows\System32\win32u.dll
0x00007ffb67200000 - 0x00007ffb6722a000 	C:\Windows\System32\GDI32.dll
0x00007ffb5c130000 - 0x00007ffb5c3ca000 	C:\Windows\WinSxS\amd64_microsoft.windows.common-controls_6595b64144ccf1df_6.0.19041.1110_none_60b5254171f9507e\COMCTL32.dll
0x00007ffb668a0000 - 0x00007ffb669ab000 	C:\Windows\System32\gdi32full.dll
0x00007ffb66bd0000 - 0x00007ffb66c6d000 	C:\Windows\System32\msvcp_win.dll
0x00007ffb594a0000 - 0x00007ffb594aa000 	C:\Windows\SYSTEM32\VERSION.dll
0x00007ffb68220000 - 0x00007ffb68250000 	C:\Windows\System32\IMM32.DLL
0x00007ffb5eca0000 - 0x00007ffb5ecac000 	C:\Program Files\Java\jdk-16.0.1\bin\vcruntime140_1.dll
0x00007ffb5b030000 - 0x00007ffb5b0c1000 	C:\Program Files\Java\jdk-16.0.1\bin\msvcp140.dll
0x00007ffaf65c0000 - 0x00007ffaf716b000 	C:\Program Files\Java\jdk-16.0.1\bin\server\jvm.dll
0x00007ffb67cf0000 - 0x00007ffb67cf8000 	C:\Windows\System32\PSAPI.DLL
0x00007ffb4cdb0000 - 0x00007ffb4cdb9000 	C:\Windows\SYSTEM32\WSOCK32.dll
0x00007ffb50e70000 - 0x00007ffb50e97000 	C:\Windows\SYSTEM32\WINMM.dll
0x00007ffb67bf0000 - 0x00007ffb67c5b000 	C:\Windows\System32\WS2_32.dll
0x00007ffb64c30000 - 0x00007ffb64c42000 	C:\Windows\SYSTEM32\kernel.appcore.dll
0x00007ffb5d1f0000 - 0x00007ffb5d1fa000 	C:\Program Files\Java\jdk-16.0.1\bin\jimage.dll
0x00007ffb60ba0000 - 0x00007ffb60d84000 	C:\Windows\SYSTEM32\DBGHELP.DLL
0x00007ffb58860000 - 0x00007ffb5888c000 	C:\Windows\SYSTEM32\dbgcore.DLL
0x00007ffb669b0000 - 0x00007ffb66a33000 	C:\Windows\System32\bcryptPrimitives.dll
0x00007ffb50610000 - 0x00007ffb5064b000 	C:\Program Files\Java\jdk-16.0.1\bin\jdwp.dll
0x00007ffb5aff0000 - 0x00007ffb5affe000 	C:\Program Files\Java\jdk-16.0.1\bin\instrument.dll
0x00007ffb5b000000 - 0x00007ffb5b025000 	C:\Program Files\Java\jdk-16.0.1\bin\java.dll
0x00007ffb673d0000 - 0x00007ffb67b0f000 	C:\Windows\System32\SHELL32.dll
0x00007ffb64490000 - 0x00007ffb64c20000 	C:\Windows\SYSTEM32\windows.storage.dll
0x00007ffb68780000 - 0x00007ffb68ad5000 	C:\Windows\System32\combase.dll
0x00007ffb65d90000 - 0x00007ffb65dbc000 	C:\Windows\SYSTEM32\Wldp.dll
0x00007ffb67d00000 - 0x00007ffb67dae000 	C:\Windows\System32\SHCORE.dll
0x00007ffb68010000 - 0x00007ffb68065000 	C:\Windows\System32\shlwapi.dll
0x00007ffb662e0000 - 0x00007ffb662ff000 	C:\Windows\SYSTEM32\profapi.dll
0x00007ffb52b70000 - 0x00007ffb52b89000 	C:\Program Files\Java\jdk-16.0.1\bin\net.dll
0x00007ffb5e4c0000 - 0x00007ffb5e5c8000 	C:\Windows\SYSTEM32\WINHTTP.dll
0x00007ffb65af0000 - 0x00007ffb65b5a000 	C:\Windows\system32\mswsock.dll
0x00007ffb52b50000 - 0x00007ffb52b63000 	C:\Program Files\Java\jdk-16.0.1\bin\nio.dll
0x00007ffb52ac0000 - 0x00007ffb52ad8000 	C:\Program Files\Java\jdk-16.0.1\bin\zip.dll
0x00007ffb52420000 - 0x00007ffb5242c000 	C:\Program Files\Java\jdk-16.0.1\bin\dt_socket.dll
0x00007ffb65780000 - 0x00007ffb657bb000 	C:\Windows\SYSTEM32\IPHLPAPI.DLL
0x00007ffb5b2d0000 - 0x00007ffb5b2e0000 	C:\Program Files\Java\jdk-16.0.1\bin\verify.dll
0x0000019456340000 - 0x0000019456343000 	C:\Users\abeccaria\.openjfx\cache\16\api-ms-win-core-console-l1-1-0.dll
0x000001947d2a0000 - 0x000001947d2a3000 	C:\Users\abeccaria\.openjfx\cache\16\api-ms-win-core-console-l1-2-0.dll
0x000001947d2b0000 - 0x000001947d2b3000 	C:\Users\abeccaria\.openjfx\cache\16\api-ms-win-core-datetime-l1-1-0.dll
0x000001947d2c0000 - 0x000001947d2c3000 	C:\Users\abeccaria\.openjfx\cache\16\api-ms-win-core-debug-l1-1-0.dll
0x000001947d2d0000 - 0x000001947d2d3000 	C:\Users\abeccaria\.openjfx\cache\16\api-ms-win-core-errorhandling-l1-1-0.dll
0x000001947d2e0000 - 0x000001947d2e4000 	C:\Users\abeccaria\.openjfx\cache\16\api-ms-win-core-file-l1-1-0.dll
0x000001947d2f0000 - 0x000001947d2f3000 	C:\Users\abeccaria\.openjfx\cache\16\api-ms-win-core-file-l1-2-0.dll
0x000001947d300000 - 0x000001947d303000 	C:\Users\abeccaria\.openjfx\cache\16\api-ms-win-core-file-l2-1-0.dll
0x000001947d310000 - 0x000001947d313000 	C:\Users\abeccaria\.openjfx\cache\16\api-ms-win-core-handle-l1-1-0.dll
0x000001947d320000 - 0x000001947d323000 	C:\Users\abeccaria\.openjfx\cache\16\api-ms-win-core-heap-l1-1-0.dll
0x000001947d330000 - 0x000001947d333000 	C:\Users\abeccaria\.openjfx\cache\16\api-ms-win-core-interlocked-l1-1-0.dll
0x000001947d340000 - 0x000001947d343000 	C:\Users\abeccaria\.openjfx\cache\16\api-ms-win-core-libraryloader-l1-1-0.dll
0x000001947d350000 - 0x000001947d353000 	C:\Users\abeccaria\.openjfx\cache\16\api-ms-win-core-localization-l1-2-0.dll
0x000001947d360000 - 0x000001947d363000 	C:\Users\abeccaria\.openjfx\cache\16\api-ms-win-core-memory-l1-1-0.dll
0x000001947d370000 - 0x000001947d373000 	C:\Users\abeccaria\.openjfx\cache\16\api-ms-win-core-namedpipe-l1-1-0.dll
0x000001947d380000 - 0x000001947d383000 	C:\Users\abeccaria\.openjfx\cache\16\api-ms-win-core-processenvironment-l1-1-0.dll
0x000001947d390000 - 0x000001947d393000 	C:\Users\abeccaria\.openjfx\cache\16\api-ms-win-core-processthreads-l1-1-0.dll
0x000001947d3a0000 - 0x000001947d3a3000 	C:\Users\abeccaria\.openjfx\cache\16\api-ms-win-core-processthreads-l1-1-1.dll
0x000001947d3b0000 - 0x000001947d3b3000 	C:\Users\abeccaria\.openjfx\cache\16\api-ms-win-core-profile-l1-1-0.dll
0x000001947d3c0000 - 0x000001947d3c3000 	C:\Users\abeccaria\.openjfx\cache\16\api-ms-win-core-rtlsupport-l1-1-0.dll
0x000001947d3d0000 - 0x000001947d3d3000 	C:\Users\abeccaria\.openjfx\cache\16\api-ms-win-core-string-l1-1-0.dll
0x000001947d3e0000 - 0x000001947d3e3000 	C:\Users\abeccaria\.openjfx\cache\16\api-ms-win-core-synch-l1-1-0.dll
0x000001947d3f0000 - 0x000001947d3f3000 	C:\Users\abeccaria\.openjfx\cache\16\api-ms-win-core-synch-l1-2-0.dll
0x000001947f7d0000 - 0x000001947f7d3000 	C:\Users\abeccaria\.openjfx\cache\16\api-ms-win-core-sysinfo-l1-1-0.dll
0x000001947f7e0000 - 0x000001947f7e3000 	C:\Users\abeccaria\.openjfx\cache\16\api-ms-win-core-timezone-l1-1-0.dll
0x000001947f7f0000 - 0x000001947f7f3000 	C:\Users\abeccaria\.openjfx\cache\16\api-ms-win-core-util-l1-1-0.dll
0x000001947f800000 - 0x000001947f803000 	C:\Users\abeccaria\.openjfx\cache\16\api-ms-win-crt-conio-l1-1-0.dll
0x000001947f810000 - 0x000001947f814000 	C:\Users\abeccaria\.openjfx\cache\16\api-ms-win-crt-convert-l1-1-0.dll
0x000001947f820000 - 0x000001947f823000 	C:\Users\abeccaria\.openjfx\cache\16\api-ms-win-crt-environment-l1-1-0.dll
0x000001947f830000 - 0x000001947f833000 	C:\Users\abeccaria\.openjfx\cache\16\api-ms-win-crt-filesystem-l1-1-0.dll
0x000001947f840000 - 0x000001947f843000 	C:\Users\abeccaria\.openjfx\cache\16\api-ms-win-crt-heap-l1-1-0.dll
0x000001947f850000 - 0x000001947f853000 	C:\Users\abeccaria\.openjfx\cache\16\api-ms-win-crt-locale-l1-1-0.dll
0x000001947f860000 - 0x000001947f865000 	C:\Users\abeccaria\.openjfx\cache\16\api-ms-win-crt-math-l1-1-0.dll
0x000001947f870000 - 0x000001947f875000 	C:\Users\abeccaria\.openjfx\cache\16\api-ms-win-crt-multibyte-l1-1-0.dll
0x000001947f880000 - 0x000001947f890000 	C:\Users\abeccaria\.openjfx\cache\16\api-ms-win-crt-private-l1-1-0.dll
0x000001947f890000 - 0x000001947f893000 	C:\Users\abeccaria\.openjfx\cache\16\api-ms-win-crt-process-l1-1-0.dll
0x000001947f8a0000 - 0x000001947f8a4000 	C:\Users\abeccaria\.openjfx\cache\16\api-ms-win-crt-runtime-l1-1-0.dll
0x000001947f8b0000 - 0x000001947f8b4000 	C:\Users\abeccaria\.openjfx\cache\16\api-ms-win-crt-stdio-l1-1-0.dll
0x000001947f8c0000 - 0x000001947f8c4000 	C:\Users\abeccaria\.openjfx\cache\16\api-ms-win-crt-string-l1-1-0.dll
0x000001947f8d0000 - 0x000001947f8d3000 	C:\Users\abeccaria\.openjfx\cache\16\api-ms-win-crt-time-l1-1-0.dll
0x000001947f8e0000 - 0x000001947f8e3000 	C:\Users\abeccaria\.openjfx\cache\16\api-ms-win-crt-utility-l1-1-0.dll
0x00007ffb50510000 - 0x00007ffb5060c000 	C:\Users\abeccaria\.openjfx\cache\16\ucrtbase.dll
0x00007ffb504f0000 - 0x00007ffb50509000 	C:\Users\abeccaria\.openjfx\cache\16\vcruntime140.dll
0x00007ffb504e0000 - 0x00007ffb504ec000 	C:\Users\abeccaria\.openjfx\cache\16\vcruntime140_1.dll
0x00007ffb50440000 - 0x00007ffb504d1000 	C:\Users\abeccaria\.openjfx\cache\16\msvcp140.dll
0x00007ffb50410000 - 0x00007ffb50437000 	C:\Users\abeccaria\.openjfx\cache\16\prism_d3d.dll
0x00007ffb50130000 - 0x00007ffb502fe000 	C:\Windows\system32\d3d9.dll
0x00007ffb61040000 - 0x00007ffb6106f000 	C:\Windows\SYSTEM32\dwmapi.dll
0x00007ffb609e0000 - 0x00007ffb60a7e000 	C:\Windows\system32\uxtheme.dll
0x00007ffb66a40000 - 0x00007ffb66a67000 	C:\Windows\System32\bcrypt.dll
0x00007ffb65f10000 - 0x00007ffb65f22000 	C:\Windows\SYSTEM32\msasn1.dll
0x00007ffb59360000 - 0x00007ffb59391000 	C:\Windows\SYSTEM32\cryptnet.dll
0x00007ffb66a70000 - 0x00007ffb66bcf000 	C:\Windows\System32\CRYPT32.dll
0x00007ffb65d00000 - 0x00007ffb65d0c000 	C:\Windows\SYSTEM32\cryptbase.dll
0x00007ffb66c70000 - 0x00007ffb66cd0000 	C:\Windows\System32\WINTRUST.DLL
0x00007ffb66ee0000 - 0x00007ffb66efd000 	C:\Windows\System32\imagehlp.dll
0x00007ffb65ce0000 - 0x00007ffb65cf8000 	C:\Windows\SYSTEM32\CRYPTSP.dll
0x00007ffb65410000 - 0x00007ffb65444000 	C:\Windows\system32\rsaenh.dll
0x00007ffb503c0000 - 0x00007ffb50402000 	C:\Users\abeccaria\.openjfx\cache\16\glass.dll
0x00007ffb67b10000 - 0x00007ffb67bea000 	C:\Windows\System32\COMDLG32.dll
0x00007ffb672a0000 - 0x00007ffb673ca000 	C:\Windows\System32\ole32.dll
0x00007ffb67130000 - 0x00007ffb671fd000 	C:\Windows\System32\OLEAUT32.dll
0x00007ffb68100000 - 0x00007ffb68215000 	C:\Windows\System32\MSCTF.dll
0x00007ffb01160000 - 0x00007ffb01410000 	C:\Program Files\NVIDIA Corporation\nview\nViewH64.dll
0x00007ffb65160000 - 0x00007ffb65193000 	C:\Windows\SYSTEM32\ntmarta.dll
0x00007ffb25620000 - 0x00007ffb25726000 	C:\Windows\System32\DriverStore\FileRepository\nvltwi.inf_amd64_8ac75a374cc13879\nvldumdx.dll
0x00007ffb59ba0000 - 0x00007ffb59cea000 	C:\Windows\SYSTEM32\drvstore.dll
0x00007ffb660d0000 - 0x00007ffb66104000 	C:\Windows\SYSTEM32\devobj.dll
0x00007ffb663a0000 - 0x00007ffb663ee000 	C:\Windows\System32\cfgmgr32.dll
0x00007ffac2f40000 - 0x00007ffac47f0000 	C:\Windows\System32\DriverStore\FileRepository\nvltwi.inf_amd64_8ac75a374cc13879\nvd3dumx.dll
0x00007ffb10ed0000 - 0x00007ffb11193000 	C:\Windows\system32\nvspcap64.dll
0x00007ffb64c50000 - 0x00007ffb64c73000 	C:\Windows\SYSTEM32\gpapi.dll
0x00007ffb5b9f0000 - 0x00007ffb5ba2b000 	C:\Windows\SYSTEM32\dxcore.dll
0x00007ffb03080000 - 0x00007ffb031e5000 	C:\Windows\System32\DriverStore\FileRepository\iigd_dch.inf_amd64_4be767c332df1d04\igdumdim64.dll
0x00007ffab7150000 - 0x00007ffabba8d000 	C:\Windows\System32\DriverStore\FileRepository\iigd_dch.inf_amd64_4be767c332df1d04\igd9dxva64.dll
0x00007ffb68250000 - 0x00007ffb686c2000 	C:\Windows\System32\SETUPAPI.dll
0x00007ffb59090000 - 0x00007ffb59358000 	C:\Windows\System32\DriverStore\FileRepository\iigd_dch.inf_amd64_4be767c332df1d04\igdgmm64.dll
0x00007ffb1b680000 - 0x00007ffb1b6a7000 	C:\Windows\System32\DriverStore\FileRepository\iigd_dch.inf_amd64_4be767c332df1d04\igdinfo64.dll

dbghelp: loaded successfully - version: 4.0.5 - missing functions: none
symbol engine: initialized successfully - sym options: 0x614 - pdb path: .;C:\Program Files\Java\jdk-16.0.1\bin;C:\Windows\SYSTEM32;C:\Windows\WinSxS\amd64_microsoft.windows.common-controls_6595b64144ccf1df_6.0.19041.1110_none_60b5254171f9507e;C:\Program Files\Java\jdk-16.0.1\bin\server;C:\Users\abeccaria\.openjfx\cache\16;C:\Program Files\NVIDIA Corporation\nview;C:\Windows\System32\DriverStore\FileRepository\nvltwi.inf_amd64_8ac75a374cc13879;C:\Windows\System32\DriverStore\FileRepository\iigd_dch.inf_amd64_4be767c332df1d04;C:\Program Files\Common Files\Microsoft Shared\Ink

VM Arguments:
jvm_args: -agentlib:jdwp=transport=dt_socket,address=127.0.0.1:54966,suspend=y,server=n -javaagent:C:\Users\abeccaria\AppData\Local\JetBrains\Toolbox\apps\IDEA-U\ch-0\212.5080.55\plugins\java\lib\rt\debugger-agent.jar -Dfile.encoding=UTF-8 --module-path=C:\Users\abeccaria\.m2\repository\de\jensd\fontawesomefx-fontawesome\4.7.0-9.1.2\fontawesomefx-fontawesome-4.7.0-9.1.2.jar;C:\Users\abeccaria\.m2\repository\org\openjfx\javafx-graphics\16\javafx-graphics-16-win.jar;C:\Users\abeccaria\.m2\repository\org\openjfx\javafx-media\16\javafx-media-16-win.jar;C:\Users\abeccaria\.m2\repository\org\openjfx\javafx-controls\16\javafx-controls-16-win.jar;C:\Users\abeccaria\.m2\repository\de\jensd\fontawesomefx-commons\9.1.2\fontawesomefx-commons-9.1.2.jar;C:\Users\abeccaria\.m2\repository\org\openjfx\javafx-fxml\16\javafx-fxml-16-win.jar;C:\Users\abeccaria\.m2\repository\org\openjfx\javafx-base\16\javafx-base-16-win.jar;C:\Users\abeccaria\Documents\GitHub\JavaMusicPlayer\target\classes -Djdk.module.main=com.example.musicplayer 
java_command: com.example.musicplayer/Controllers.MainApplication
java_class_path (initial): C:\Users\abeccaria\.m2\repository\org\openjfx\javafx-controls\16\javafx-controls-16.jar;C:\Users\abeccaria\.m2\repository\org\openjfx\javafx-graphics\16\javafx-graphics-16.jar;C:\Users\abeccaria\.m2\repository\org\openjfx\javafx-base\16\javafx-base-16.jar;C:\Users\abeccaria\.m2\repository\org\openjfx\javafx-fxml\16\javafx-fxml-16.jar;C:\Users\abeccaria\.m2\repository\org\openjfx\javafx-media\16\javafx-media-16.jar;C:\Users\abeccaria\AppData\Local\JetBrains\Toolbox\apps\IDEA-U\ch-0\212.5080.55\lib\idea_rt.jar
Launcher Type: SUN_STANDARD

[Global flags]
     intx CICompilerCount                          = 12                                        {product} {ergonomic}
     uint ConcGCThreads                            = 3                                         {product} {ergonomic}
     uint G1ConcRefinementThreads                  = 13                                        {product} {ergonomic}
   size_t G1HeapRegionSize                         = 4194304                                   {product} {ergonomic}
    uintx GCDrainStackTargetSize                   = 64                                        {product} {ergonomic}
   size_t InitialHeapSize                          = 532676608                                 {product} {ergonomic}
   size_t MarkStackSize                            = 4194304                                   {product} {ergonomic}
   size_t MaxHeapSize                              = 8518631424                                {product} {ergonomic}
   size_t MaxNewSize                               = 5108662272                                {product} {ergonomic}
   size_t MinHeapDeltaBytes                        = 4194304                                   {product} {ergonomic}
   size_t MinHeapSize                              = 8388608                                   {product} {ergonomic}
    uintx NonNMethodCodeHeapSize                   = 7602480                                {pd product} {ergonomic}
    uintx NonProfiledCodeHeapSize                  = 122027880                              {pd product} {ergonomic}
    uintx ProfiledCodeHeapSize                     = 122027880                              {pd product} {ergonomic}
    uintx ReservedCodeCacheSize                    = 251658240                              {pd product} {ergonomic}
     bool SegmentedCodeCache                       = true                                      {product} {ergonomic}
   size_t SoftMaxHeapSize                          = 8518631424                             {manageable} {ergonomic}
     bool UseCompressedClassPointers               = true                           {product lp64_product} {ergonomic}
     bool UseCompressedOops                        = true                           {product lp64_product} {ergonomic}
     bool UseG1GC                                  = true                                      {product} {ergonomic}
     bool UseLargePagesIndividualAllocation        = false                                  {pd product} {ergonomic}

Logging:
Log output configuration:
 #0: stdout all=warning uptime,level,tags
 #1: stderr all=off uptime,level,tags

Environment Variables:
JAVA_HOME=C:\Program Files\Java\jdk-16.0.1
PATH=C:\Program Files\Common Files\Oracle\Java\javapath;C:\Python39\Scripts\;C:\Python39\;C:\Program Files (x86)\Razer Chroma SDK\bin;C:\Program Files\Razer Chroma SDK\bin;C:\Program Files (x86)\Razer\ChromaBroadcast\bin;C:\Program Files\Razer\ChromaBroadcast\bin;C:\Program Files (x86)\Common Files\Oracle\Java\javapath;C:\Windows\system32;C:\Windows;C:\Windows\System32\Wbem;C:\Windows\System32\WindowsPowerShell\v1.0\;C:\Windows\System32\OpenSSH\;C:\Windows\system32\config\systemprofile\AppData\Local\Microsoft\WindowsApps;C:\Program Files\Microsoft SQL Server\130\Tools\Binn\;C:\Program Files\nodejs\;C:\ProgramData\chocolatey\bin;C:\Program Files\Git\cmd;C:\Program Files\Microsoft SQL Server\Client SDK\ODBC\170\Tools\Binn\;C:\Program Files (x86)\Microsoft SQL Server\150\Tools\Binn\;C:\Program Files\Microsoft SQL Server\150\Tools\Binn\;C:\Program Files\Microsoft SQL Server\150\DTS\Binn\;C:\Program Files (x86)\Microsoft SQL Server\150\DTS\Binn\;C:\Program Files\Azure Data Studio\bin;C:\Program Files\Java\jdk-16.0.1\bin;C:\Program Files\apache-maven-3.8.1\bin;;C:\Program Files\NVIDIA Corporation\NVIDIA NvDLISR;C:\Program Files\MySQL\MySQL Shell 8.0\bin\;C:\Users\abeccaria\anaconda3;C:\Users\abeccaria\anaconda3\Library\mingw-w64\bin;C:\Users\abeccaria\anaconda3\Library\usr\bin;C:\Users\abeccaria\anaconda3\Library\bin;C:\Users\abeccaria\anaconda3\Scripts;C:\Users\abeccaria\AppData\Local\Microsoft\WindowsApps;C:\Users\abeccaria\AppData\Local\Programs\Microsoft VS Code\bin;C:\Users\abeccaria\AppData\Roaming\npm;C:\Users\abeccaria\AppData\Local\GitHubDesktop\bin;C:\Program Files\Azure Data Studio\bin
USERNAME=abeccaria
OS=Windows_NT
PROCESSOR_IDENTIFIER=Intel64 Family 6 Model 165 Stepping 2, GenuineIntel



---------------  S Y S T E M  ---------------

OS:
 Windows 10 , 64 bit Build 19041 (10.0.19041.1151)
OS uptime: 5 days 14:58 hours

CPU: total 16 (initial active 16) (8 cores per cpu, 2 threads per core) family 6 model 165 stepping 2 microcode 0xe6, cx8, cmov, fxsr, ht, mmx, 3dnowpref, sse, sse2, sse3, ssse3, sse4.1, sse4.2, popcnt, lzcnt, tsc, tscinvbit, avx, avx2, aes, erms, clmul, bmi1, bmi2, adx, fma, vzeroupper, clflush, clflushopt

Memory: 4k page, system-wide physical 32486M (19478M free)
TotalPageFile size 41343M (AvailPageFile size 23807M)
current process WorkingSet (physical memory assigned to process): 251M, peak: 274M
current process commit charge ("private bytes"): 744M, peak: 773M

vm_info: Java HotSpot(TM) 64-Bit Server VM (16.0.1+9-24) for windows-amd64 JRE (16.0.1+9-24), built on Mar 26 2021 19:31:42 by "mach5one" with MS VC++ 16.7 (VS2019)

END.
